<?xml version="1.0" encoding="UTF-8"?>
<!-- Generated by org.testng.reporters.JUnitReportReporter -->
<testsuite hostname="Avinash" failures="0" tests="1" name="testCases.TC002_LoginTest" time="1.585" errors="0" timestamp="2024-11-07T00:44:30 IST" skipped="0">
  <testcase classname="testCases.TC002_LoginTest" name="Verify_login" time="1.585"/>
</testsuite> <!-- testCases.TC002_LoginTest -->
