<?xml version="1.0" encoding="UTF-8"?>
<!-- Generated by org.testng.reporters.JUnitReportReporter -->
<testsuite hostname="Avinash" failures="0" tests="1" name="testCases.TC001_AccountRegistractionTest" time="13.887" errors="0" timestamp="2024-11-16T14:18:59 IST" skipped="0">
  <testcase classname="testCases.TC001_AccountRegistractionTest" name="varify_account_registration" time="13.887"/>
</testsuite> <!-- testCases.TC001_AccountRegistractionTest -->
